<?xml version="1.0" encoding="UTF-8"?>
<testng-results skipped="0" failed="0" ignored="0" total="4" passed="4">
  <reporter-output>
  </reporter-output>
  <suite name="Default suite" duration-ms="153" started-at="2019-03-02T02:54:20Z" finished-at="2019-03-02T02:54:20Z">
    <groups>
    </groups>
    <test name="Default test" duration-ms="153" started-at="2019-03-02T02:54:20Z" finished-at="2019-03-02T02:54:20Z">
      <class name="com.qa.tests.DemoTest">
        <test-method status="PASS" signature="div()[pri:0, instance:com.qa.tests.DemoTest@1efbd816]" name="div" duration-ms="66" started-at="2019-03-02T08:24:20Z" finished-at="2019-03-02T08:24:20Z">
          <reporter-output>
          </reporter-output>
        </test-method> <!-- div -->
        <test-method status="PASS" signature="mul()[pri:0, instance:com.qa.tests.DemoTest@1efbd816]" name="mul" duration-ms="2" started-at="2019-03-02T08:24:20Z" finished-at="2019-03-02T08:24:20Z">
          <reporter-output>
          </reporter-output>
        </test-method> <!-- mul -->
        <test-method status="PASS" signature="sub()[pri:0, instance:com.qa.tests.DemoTest@1efbd816]" name="sub" duration-ms="2" started-at="2019-03-02T08:24:20Z" finished-at="2019-03-02T08:24:20Z">
          <reporter-output>
          </reporter-output>
        </test-method> <!-- sub -->
        <test-method status="PASS" signature="sum()[pri:0, instance:com.qa.tests.DemoTest@1efbd816]" name="sum" duration-ms="1" started-at="2019-03-02T08:24:20Z" finished-at="2019-03-02T08:24:20Z">
          <reporter-output>
          </reporter-output>
        </test-method> <!-- sum -->
      </class> <!-- com.qa.tests.DemoTest -->
    </test> <!-- Default test -->
  </suite> <!-- Default suite -->
</testng-results>
